<?xml version="1.0" encoding="UTF-8"?>
<testng-results ignored="0" total="1" passed="1" failed="0" skipped="0">
  <reporter-output>
  </reporter-output>
  <suite started-at="2022-08-08T14:22:46 IST" name="Suite" finished-at="2022-08-08T14:22:54 IST" duration-ms="8503">
    <groups>
    </groups>
    <test started-at="2022-08-08T14:22:46 IST" name="Login" finished-at="2022-08-08T14:22:54 IST" duration-ms="8503">
      <class name="Basic_Test_Scripts">
        <test-method is-config="true" signature="setup(java.lang.String)[pri:0, instance:Basic_Test_Scripts@3972a855]" started-at="2022-08-08T14:22:46 IST" name="setup" finished-at="2022-08-08T14:22:51 IST" duration-ms="5061" status="PASS">
          <params>
            <param index="0">
              <value>
                <![CDATA[Chrome]]>
              </value>
            </param>
          </params>
          <reporter-output>
          </reporter-output>
        </test-method> <!-- setup -->
        <test-method signature="Sample()[pri:0, instance:Basic_Test_Scripts@3972a855]" started-at="2022-08-08T14:22:51 IST" name="Sample" finished-at="2022-08-08T14:22:54 IST" duration-ms="3213" status="PASS">
          <reporter-output>
          </reporter-output>
        </test-method> <!-- Sample -->
        <test-method is-config="true" signature="tearDown()[pri:0, instance:Basic_Test_Scripts@3972a855]" started-at="2022-08-08T14:22:54 IST" name="tearDown" finished-at="2022-08-08T14:22:54 IST" duration-ms="185" status="PASS">
          <reporter-output>
          </reporter-output>
        </test-method> <!-- tearDown -->
      </class> <!-- Basic_Test_Scripts -->
    </test> <!-- Login -->
  </suite> <!-- Suite -->
</testng-results>
